This is pdfTeX, Version 3.14159265-2.6-1.40.21 (TeX Live 2020) (preloaded format=pdflatex 2020.7.16)  16 JUL 2020 22:07
entering extended mode
 restricted \write18 enabled.
 file:line:error style messages enabled.
 %&-line parsing enabled.
**\input relazione1.tex
 (./relazione1.tex
(/usr/local/texlive/2020/texmf-dist/tex/latex/base/article.cls
Document Class: article 2019/12/20 v1.4l Standard LaTeX document class
(/usr/local/texlive/2020/texmf-dist/tex/latex/base/size10.clo
File: size10.clo 2019/12/20 v1.4l Standard LaTeX file (size option)
)
\c@part=\count167
\c@section=\count168
\c@subsection=\count169
\c@subsubsection=\count170
\c@paragraph=\count171
\c@subparagraph=\count172
\c@figure=\count173
\c@table=\count174
\abovecaptionskip=\skip47
\belowcaptionskip=\skip48
\bibindent=\dimen134
)
(/usr/local/texlive/2020/texmf-dist/tex/latex/base/inputenc.sty
Package: inputenc 2018/08/11 v1.3c Input encoding file
\inpenc@prehook=\toks15
\inpenc@posthook=\toks16
)
(/usr/local/texlive/2020/texmf-dist/tex/latex/graphics/graphicx.sty
Package: graphicx 2019/11/30 v1.2a Enhanced LaTeX Graphics (DPC,SPQR)

(/usr/local/texlive/2020/texmf-dist/tex/latex/graphics/keyval.sty
Package: keyval 2014/10/28 v1.15 key=value parser (DPC)
\KV@toks@=\toks17
)
(/usr/local/texlive/2020/texmf-dist/tex/latex/graphics/graphics.sty
Package: graphics 2019/11/30 v1.4a Standard LaTeX Graphics (DPC,SPQR)

(/usr/local/texlive/2020/texmf-dist/tex/latex/graphics/trig.sty
Package: trig 2016/01/03 v1.10 sin cos tan (DPC)
)
(/usr/local/texlive/2020/texmf-dist/tex/latex/graphics-cfg/graphics.cfg
File: graphics.cfg 2016/06/04 v1.11 sample graphics configuration
)
Package graphics Info: Driver file: pdftex.def on input line 105.

(/usr/local/texlive/2020/texmf-dist/tex/latex/graphics-def/pdftex.def
File: pdftex.def 2018/01/08 v1.0l Graphics/color driver for pdftex
))
\Gin@req@height=\dimen135
\Gin@req@width=\dimen136
)
(/usr/local/texlive/2020/texmf-dist/tex/latex/booktabs/booktabs.sty
Package: booktabs 2020/01/12 v1.61803398 Publication quality tables
\heavyrulewidth=\dimen137
\lightrulewidth=\dimen138
\cmidrulewidth=\dimen139
\belowrulesep=\dimen140
\belowbottomsep=\dimen141
\aboverulesep=\dimen142
\abovetopsep=\dimen143
\cmidrulesep=\dimen144
\cmidrulekern=\dimen145
\defaultaddspace=\dimen146
\@cmidla=\count175
\@cmidlb=\count176
\@aboverulesep=\dimen147
\@belowrulesep=\dimen148
\@thisruleclass=\count177
\@lastruleclass=\count178
\@thisrulewidth=\dimen149
)
(/usr/local/texlive/2020/texmf-dist/tex/latex/amsmath/amsmath.sty
Package: amsmath 2020/01/20 v2.17e AMS math features
\@mathmargin=\skip49

For additional information on amsmath, use the `?' option.
(/usr/local/texlive/2020/texmf-dist/tex/latex/amsmath/amstext.sty
Package: amstext 2000/06/29 v2.01 AMS text

(/usr/local/texlive/2020/texmf-dist/tex/latex/amsmath/amsgen.sty
File: amsgen.sty 1999/11/30 v2.0 generic functions
\@emptytoks=\toks18
\ex@=\dimen150
))
(/usr/local/texlive/2020/texmf-dist/tex/latex/amsmath/amsbsy.sty
Package: amsbsy 1999/11/29 v1.2d Bold Symbols
\pmbraise@=\dimen151
)
(/usr/local/texlive/2020/texmf-dist/tex/latex/amsmath/amsopn.sty
Package: amsopn 2016/03/08 v2.02 operator names
)
\inf@bad=\count179
LaTeX Info: Redefining \frac on input line 227.
\uproot@=\count180
\leftroot@=\count181
LaTeX Info: Redefining \overline on input line 389.
\classnum@=\count182
\DOTSCASE@=\count183
LaTeX Info: Redefining \ldots on input line 486.
LaTeX Info: Redefining \dots on input line 489.
LaTeX Info: Redefining \cdots on input line 610.
\Mathstrutbox@=\box45
\strutbox@=\box46
\big@size=\dimen152
LaTeX Font Info:    Redeclaring font encoding OML on input line 733.
LaTeX Font Info:    Redeclaring font encoding OMS on input line 734.
\macc@depth=\count184
\c@MaxMatrixCols=\count185
\dotsspace@=\muskip16
\c@parentequation=\count186
\dspbrk@lvl=\count187
\tag@help=\toks19
\row@=\count188
\column@=\count189
\maxfields@=\count190
\andhelp@=\toks20
\eqnshift@=\dimen153
\alignsep@=\dimen154
\tagshift@=\dimen155
\tagwidth@=\dimen156
\totwidth@=\dimen157
\lineht@=\dimen158
\@envbody=\toks21
\multlinegap=\skip50
\multlinetaggap=\skip51
\mathdisplay@stack=\toks22
LaTeX Info: Redefining \[ on input line 2859.
LaTeX Info: Redefining \] on input line 2860.
)
(/usr/local/texlive/2020/texmf-dist/tex/latex/float/float.sty
Package: float 2001/11/08 v1.3d Float enhancements (AL)
\c@float@type=\count191
\float@exts=\toks23
\float@box=\box47
\@float@everytoks=\toks24
\@floatcapt=\box48
)
(/usr/local/texlive/2020/texmf-dist/tex/latex/subfig/subfig.sty
Package: subfig 2005/06/28 ver: 1.3 subfig package

(/usr/local/texlive/2020/texmf-dist/tex/latex/caption/caption.sty
Package: caption 2020/01/03 v3.4h Customizing captions (AR)

(/usr/local/texlive/2020/texmf-dist/tex/latex/caption/caption3.sty
Package: caption3 2020/01/03 v1.8h caption3 kernel (AR)
Package caption3 Info: TeX engine: e-TeX on input line 61.
\captionmargin=\dimen159
\captionmargin@=\dimen160
\captionwidth=\dimen161
\caption@tempdima=\dimen162
\caption@indent=\dimen163
\caption@parindent=\dimen164
\caption@hangindent=\dimen165
Package caption Info: Standard document class detected.
)
\c@caption@flags=\count192
\c@continuedfloat=\count193
Package caption Info: float package is loaded.
)
\c@KVtest=\count194
\sf@farskip=\skip52
\sf@captopadj=\dimen166
\sf@capskip=\skip53
\sf@nearskip=\skip54
\c@subfigure=\count195
\c@subfigure@save=\count196
\c@lofdepth=\count197
\c@subtable=\count198
\c@subtable@save=\count199
\c@lotdepth=\count266
\sf@top=\skip55
\sf@bottom=\skip56
)
(/usr/local/texlive/2020/texmf-dist/tex/latex/tools/enumerate.sty
Package: enumerate 2015/07/23 v3.00 enumerate extensions (DPC)
\@enLab=\toks25
)
(/usr/local/texlive/2020/texmf-dist/tex/latex/l3backend/l3backend-pdfmode.def
File: l3backend-pdfmode.def 2020-03-12 L3 backend support: PDF mode
\l__kernel_color_stack_int=\count267
\l__pdf_internal_box=\box49
)
(./relazione1.aux)
\openout1 = `relazione1.aux'.

LaTeX Font Info:    Checking defaults for OML/cmm/m/it on input line 11.
LaTeX Font Info:    ... okay on input line 11.
LaTeX Font Info:    Checking defaults for OMS/cmsy/m/n on input line 11.
LaTeX Font Info:    ... okay on input line 11.
LaTeX Font Info:    Checking defaults for OT1/cmr/m/n on input line 11.
LaTeX Font Info:    ... okay on input line 11.
LaTeX Font Info:    Checking defaults for T1/cmr/m/n on input line 11.
LaTeX Font Info:    ... okay on input line 11.
LaTeX Font Info:    Checking defaults for TS1/cmr/m/n on input line 11.
LaTeX Font Info:    ... okay on input line 11.
LaTeX Font Info:    Checking defaults for OMX/cmex/m/n on input line 11.
LaTeX Font Info:    ... okay on input line 11.
LaTeX Font Info:    Checking defaults for U/cmr/m/n on input line 11.
LaTeX Font Info:    ... okay on input line 11.

(/usr/local/texlive/2020/texmf-dist/tex/context/base/mkii/supp-pdf.mkii
[Loading MPS to PDF converter (version 2006.09.02).]
\scratchcounter=\count268
\scratchdimen=\dimen167
\scratchbox=\box50
\nofMPsegments=\count269
\nofMParguments=\count270
\everyMPshowfont=\toks26
\MPscratchCnt=\count271
\MPscratchDim=\dimen168
\MPnumerator=\count272
\makeMPintoPDFobject=\count273
\everyMPtoPDFconversion=\toks27
) (/usr/local/texlive/2020/texmf-dist/tex/latex/epstopdf-pkg/epstopdf-base.sty
Package: epstopdf-base 2020-01-24 v2.11 Base part for package epstopdf
Package epstopdf-base Info: Redefining graphics rule for `.eps' on input line 4
85.

(/usr/local/texlive/2020/texmf-dist/tex/latex/latexconfig/epstopdf-sys.cfg
File: epstopdf-sys.cfg 2010/07/13 v1.3 Configuration of (r)epstopdf for TeX Liv
e
))
Package caption Info: Begin \AtBeginDocument code.
Package caption Info: subfig package v1.3 is loaded.
Package caption Info: End \AtBeginDocument code.

(./relazione1.toc)
\tf@toc=\write3
\openout3 = `relazione1.toc'.

 [1

{/usr/local/texlive/2020/texmf-var/fonts/map/pdftex/updmap/pdftex.map}]
Overfull \hbox (1.08289pt too wide) in paragraph at lines 59--63
[]\OT1/cmr/m/n/10 A inzio '900, l'Astronoma Hen-ri-etta Leav-itt, anal-iz-zando
 le las-tre fo-tografiche
 []

<plrelnceph.png, id=15, 448.67625pt x 340.27126pt>
File: plrelnceph.png Graphic file (type png)
<use plrelnceph.png>
Package pdftex.def Info: plrelnceph.png  used on input line 77.
(pdftex.def)             Requested size: 172.5pt x 130.82051pt.
[2

] [3 <./plrelnceph.png>] [4

] [5

] [6

]
Underfull \hbox (badness 10000) in paragraph at lines 257--258

 []


Underfull \hbox (badness 10000) in paragraph at lines 258--259

 []


Underfull \hbox (badness 10000) in paragraph at lines 259--261

 []

[7

]
Overfull \hbox (1.65341pt too wide) in paragraph at lines 297--300
[]\OT1/cmr/m/n/10 Generalizzando la for-mula dell'integrale tramite trape-zoide
 per quat-tro punti,
 []

[8]
Overfull \hbox (41.4895pt too wide) in paragraph at lines 354--364
 [] 
 []

<Codice/data/01_NGC0925.png, id=51, 481.8pt x 361.35pt>
File: Codice/data/01_NGC0925.png Graphic file (type png)
<use Codice/data/01_NGC0925.png>
Package pdftex.def Info: Codice/data/01_NGC0925.png  used on input line 368.
(pdftex.def)             Requested size: 241.49895pt x 181.12117pt.

Overfull \hbox (41.4895pt too wide) in paragraph at lines 374--384
 [] 
 []

[9

 <./Codice/data/01_NGC0925.png>]
<Codice/data/02_NGC1326.png, id=56, 481.8pt x 361.35pt>
File: Codice/data/02_NGC1326.png Graphic file (type png)
<use Codice/data/02_NGC1326.png>
Package pdftex.def Info: Codice/data/02_NGC1326.png  used on input line 388.
(pdftex.def)             Requested size: 241.49895pt x 181.12117pt.

Overfull \hbox (41.4895pt too wide) in paragraph at lines 394--404
 [] 
 []

<Codice/data/03_NGC1365.png, id=57, 481.8pt x 361.35pt>
File: Codice/data/03_NGC1365.png Graphic file (type png)
<use Codice/data/03_NGC1365.png>
Package pdftex.def Info: Codice/data/03_NGC1365.png  used on input line 408.
(pdftex.def)             Requested size: 241.49895pt x 181.12117pt.
[10 <./Codice/data/02_NGC1326.png>]
Overfull \hbox (41.4895pt too wide) in paragraph at lines 414--424
 [] 
 []

<Codice/data/04_NGC1425.png, id=62, 481.8pt x 361.35pt>
File: Codice/data/04_NGC1425.png Graphic file (type png)
<use Codice/data/04_NGC1425.png>
Package pdftex.def Info: Codice/data/04_NGC1425.png  used on input line 428.
(pdftex.def)             Requested size: 241.49895pt x 181.12117pt.

Overfull \hbox (41.4895pt too wide) in paragraph at lines 434--444
 [] 
 []

[11 <./Codice/data/03_NGC1365.png> <./Codice/data/04_NGC1425.png>]
<Codice/data/05_NGC2403.png, id=68, 481.8pt x 361.35pt>
File: Codice/data/05_NGC2403.png Graphic file (type png)
<use Codice/data/05_NGC2403.png>
Package pdftex.def Info: Codice/data/05_NGC2403.png  used on input line 448.
(pdftex.def)             Requested size: 241.49895pt x 181.12117pt.

Overfull \hbox (41.4895pt too wide) in paragraph at lines 454--464
 [] 
 []

<Codice/data/06_NGC2541.png, id=69, 481.8pt x 361.35pt>
File: Codice/data/06_NGC2541.png Graphic file (type png)
<use Codice/data/06_NGC2541.png>
Package pdftex.def Info: Codice/data/06_NGC2541.png  used on input line 468.
(pdftex.def)             Requested size: 241.49895pt x 181.12117pt.
[12 <./Codice/data/05_NGC2403.png>]
Overfull \hbox (41.4895pt too wide) in paragraph at lines 474--484
 [] 
 []

<Codice/data/07_NGC2090.png, id=74, 481.8pt x 361.35pt>
File: Codice/data/07_NGC2090.png Graphic file (type png)
<use Codice/data/07_NGC2090.png>
Package pdftex.def Info: Codice/data/07_NGC2090.png  used on input line 488.
(pdftex.def)             Requested size: 241.49895pt x 181.12117pt.

Overfull \hbox (41.4895pt too wide) in paragraph at lines 494--504
 [] 
 []

[13 <./Codice/data/06_NGC2541.png> <./Codice/data/07_NGC2090.png>]
<Codice/data/08_NGC3198.png, id=81, 481.8pt x 361.35pt>
File: Codice/data/08_NGC3198.png Graphic file (type png)
<use Codice/data/08_NGC3198.png>
Package pdftex.def Info: Codice/data/08_NGC3198.png  used on input line 508.
(pdftex.def)             Requested size: 241.49895pt x 181.12117pt.

Overfull \hbox (41.4895pt too wide) in paragraph at lines 514--524
 [] 
 []

<Codice/data/09_NGC3351.png, id=82, 481.8pt x 361.35pt>
File: Codice/data/09_NGC3351.png Graphic file (type png)
<use Codice/data/09_NGC3351.png>
Package pdftex.def Info: Codice/data/09_NGC3351.png  used on input line 528.
(pdftex.def)             Requested size: 241.49895pt x 181.12117pt.
[14 <./Codice/data/08_NGC3198.png>]
Overfull \hbox (41.4895pt too wide) in paragraph at lines 534--544
 [] 
 []

<Codice/data/10_NGC3368.png, id=87, 481.8pt x 361.35pt>
File: Codice/data/10_NGC3368.png Graphic file (type png)
<use Codice/data/10_NGC3368.png>
Package pdftex.def Info: Codice/data/10_NGC3368.png  used on input line 548.
(pdftex.def)             Requested size: 241.49895pt x 181.12117pt.

Overfull \hbox (41.4895pt too wide) in paragraph at lines 554--564
 [] 
 []

[15 <./Codice/data/09_NGC3351.png> <./Codice/data/10_NGC3368.png>]
<Codice/data/11_NGC3621.png, id=93, 481.8pt x 361.35pt>
File: Codice/data/11_NGC3621.png Graphic file (type png)
<use Codice/data/11_NGC3621.png>
Package pdftex.def Info: Codice/data/11_NGC3621.png  used on input line 568.
(pdftex.def)             Requested size: 241.49895pt x 181.12117pt.

Overfull \hbox (41.4895pt too wide) in paragraph at lines 574--584
 [] 
 []

<Codice/data/12_NGC4321.png, id=94, 481.8pt x 361.35pt>
File: Codice/data/12_NGC4321.png Graphic file (type png)
<use Codice/data/12_NGC4321.png>
Package pdftex.def Info: Codice/data/12_NGC4321.png  used on input line 588.
(pdftex.def)             Requested size: 241.49895pt x 181.12117pt.
[16 <./Codice/data/11_NGC3621.png>]
Overfull \hbox (41.4895pt too wide) in paragraph at lines 594--604
 [] 
 []

<Codice/data/13_NGC4496.png, id=99, 481.8pt x 361.35pt>
File: Codice/data/13_NGC4496.png Graphic file (type png)
<use Codice/data/13_NGC4496.png>
Package pdftex.def Info: Codice/data/13_NGC4496.png  used on input line 608.
(pdftex.def)             Requested size: 241.49895pt x 181.12117pt.

Overfull \hbox (41.4895pt too wide) in paragraph at lines 614--624
 [] 
 []

[17 <./Codice/data/12_NGC4321.png> <./Codice/data/13_NGC4496.png>]
<Codice/data/14_NGC4548.png, id=105, 481.8pt x 361.35pt>
File: Codice/data/14_NGC4548.png Graphic file (type png)
<use Codice/data/14_NGC4548.png>
Package pdftex.def Info: Codice/data/14_NGC4548.png  used on input line 628.
(pdftex.def)             Requested size: 241.49895pt x 181.12117pt.

Overfull \hbox (41.4895pt too wide) in paragraph at lines 634--644
 [] 
 []

<Codice/data/15_NGC4535.png, id=106, 481.8pt x 361.35pt>
File: Codice/data/15_NGC4535.png Graphic file (type png)
<use Codice/data/15_NGC4535.png>
Package pdftex.def Info: Codice/data/15_NGC4535.png  used on input line 648.
(pdftex.def)             Requested size: 241.49895pt x 181.12117pt.
[18 <./Codice/data/14_NGC4548.png>]
Overfull \hbox (41.4895pt too wide) in paragraph at lines 654--664
 [] 
 []

<Codice/data/16_NGC4536.png, id=111, 481.8pt x 361.35pt>
File: Codice/data/16_NGC4536.png Graphic file (type png)
<use Codice/data/16_NGC4536.png>
Package pdftex.def Info: Codice/data/16_NGC4536.png  used on input line 668.
(pdftex.def)             Requested size: 241.49895pt x 181.12117pt.

Overfull \hbox (41.4895pt too wide) in paragraph at lines 674--684
 [] 
 []

[19 <./Codice/data/15_NGC4535.png> <./Codice/data/16_NGC4536.png>]
<Codice/data/17_NGC4639.png, id=118, 481.8pt x 361.35pt>
File: Codice/data/17_NGC4639.png Graphic file (type png)
<use Codice/data/17_NGC4639.png>
Package pdftex.def Info: Codice/data/17_NGC4639.png  used on input line 688.
(pdftex.def)             Requested size: 241.49895pt x 181.12117pt.

Overfull \hbox (41.4895pt too wide) in paragraph at lines 694--704
 [] 
 []

<Codice/data/18_NGC4725.png, id=119, 481.8pt x 361.35pt>
File: Codice/data/18_NGC4725.png Graphic file (type png)
<use Codice/data/18_NGC4725.png>
Package pdftex.def Info: Codice/data/18_NGC4725.png  used on input line 708.
(pdftex.def)             Requested size: 241.49895pt x 181.12117pt.
[20 <./Codice/data/17_NGC4639.png>]
Overfull \hbox (41.4895pt too wide) in paragraph at lines 714--724
 [] 
 []

<Codice/data/19_NGC7331.png, id=124, 481.8pt x 361.35pt>
File: Codice/data/19_NGC7331.png Graphic file (type png)
<use Codice/data/19_NGC7331.png>
Package pdftex.def Info: Codice/data/19_NGC7331.png  used on input line 728.
(pdftex.def)             Requested size: 241.49895pt x 181.12117pt.
[21 <./Codice/data/18_NGC4725.png> <./Codice/data/19_NGC7331.png>] [22]
[23] [24] [25]
Overfull \hbox (0.72171pt too wide) in paragraph at lines 1012--1014
\OT1/cmr/m/n/10 I cal-coli ef-fet-tuati dal mio codice gen-er-ano un risul-tato
 co-er-ente con le derivazioni
 []


Overfull \hbox (11.63028pt too wide) in paragraph at lines 1030--1033
\OT1/cmr/m/n/10 ve-locit^^Ra di re-ces-sione. Per al-cuni val-ori, in-fatti, l'
incertezza ^^Re ad-dirit-tura dell'ordine
 []

[26] [27] (./relazione1.aux) ) 
Here is how much of TeX's memory you used:
 3326 strings out of 480608
 52260 string characters out of 5903630
 297100 words of memory out of 5000000
 19182 multiletter control sequences out of 15000+600000
 540173 words of font info for 51 fonts, out of 8000000 for 9000
 1141 hyphenation exceptions out of 8191
 50i,9n,48p,240b,279s stack positions out of 5000i,500n,10000p,200000b,80000s
</usr/local/texlive/2020/texmf-dist/fonts/type1/p
ublic/amsfonts/cm/cmbx10.pfb></usr/local/texlive/2020/texmf-dist/fonts/type1/pu
blic/amsfonts/cm/cmbx12.pfb></usr/local/texlive/2020/texmf-dist/fonts/type1/pub
lic/amsfonts/cm/cmbx8.pfb></usr/local/texlive/2020/texmf-dist/fonts/type1/publi
c/amsfonts/cm/cmbx9.pfb></usr/local/texlive/2020/texmf-dist/fonts/type1/public/
amsfonts/cm/cmex10.pfb></usr/local/texlive/2020/texmf-dist/fonts/type1/public/a
msfonts/cm/cmmi10.pfb></usr/local/texlive/2020/texmf-dist/fonts/type1/public/am
sfonts/cm/cmmi5.pfb></usr/local/texlive/2020/texmf-dist/fonts/type1/public/amsf
onts/cm/cmmi6.pfb></usr/local/texlive/2020/texmf-dist/fonts/type1/public/amsfon
ts/cm/cmmi7.pfb></usr/local/texlive/2020/texmf-dist/fonts/type1/public/amsfonts
/cm/cmr10.pfb></usr/local/texlive/2020/texmf-dist/fonts/type1/public/amsfonts/c
m/cmr12.pfb></usr/local/texlive/2020/texmf-dist/fonts/type1/public/amsfonts/cm/
cmr17.pfb></usr/local/texlive/2020/texmf-dist/fonts/type1/public/amsfonts/cm/cm
r5.pfb></usr/local/texlive/2020/texmf-dist/fonts/type1/public/amsfonts/cm/cmr6.
pfb></usr/local/texlive/2020/texmf-dist/fonts/type1/public/amsfonts/cm/cmr7.pfb
></usr/local/texlive/2020/texmf-dist/fonts/type1/public/amsfonts/cm/cmr8.pfb></
usr/local/texlive/2020/texmf-dist/fonts/type1/public/amsfonts/cm/cmr9.pfb></usr
/local/texlive/2020/texmf-dist/fonts/type1/public/amsfonts/cm/cmsy10.pfb></usr/
local/texlive/2020/texmf-dist/fonts/type1/public/amsfonts/cm/cmsy5.pfb></usr/lo
cal/texlive/2020/texmf-dist/fonts/type1/public/amsfonts/cm/cmsy7.pfb></usr/loca
l/texlive/2020/texmf-dist/fonts/type1/public/amsfonts/cm/cmti10.pfb></usr/local
/texlive/2020/texmf-dist/fonts/type1/public/amsfonts/cm/cmti8.pfb>
Output written on relazione1.pdf (27 pages, 406344 bytes).
PDF statistics:
 221 PDF objects out of 1000 (max. 8388607)
 128 compressed objects within 2 object streams
 0 named destinations out of 1000 (max. 500000)
 101 words of extra memory for PDF output out of 10000 (max. 10000000)

